0 info it worked if it ends with ok
1 verbose cli [ '/usr/local/bin/node', '/usr/local/bin/npm', 'start' ]
2 info using npm@3.3.6
3 info using node@v5.0.0
4 verbose run-script [ 'prestart', 'start', 'poststart' ]
5 info lifecycle autenticacaoService@~prestart: autenticacaoService@
6 silly lifecycle autenticacaoService@~prestart: no script for prestart, continuing
7 info lifecycle autenticacaoService@~start: autenticacaoService@
8 verbose lifecycle autenticacaoService@~start: unsafe-perm in lifecycle true
9 verbose lifecycle autenticacaoService@~start: PATH: /usr/local/lib/node_modules/npm/bin/node-gyp-bin:/home/renatorp/Documents/dev/projetos/livraria-virtual-microservices/autenticacaoService/node_modules/.bin:/usr/lib/jvm/java-8-oracle/:/usr/local/heroku/bin:/home/renatorp/.rvm/gems/jruby-1.7.21/bin:/home/renatorp/.rvm/gems/jruby-1.7.21@global/bin:/home/renatorp/.rvm/rubies/jruby-1.7.21/bin:/usr/local/sbin:/usr/local/bin:/usr/sbin:/usr/bin:/sbin:/bin:/usr/games:/usr/local/games:/home/renatorp/Documents/dev/maven/apache-maven-3.3.3/bin:/home/renatorp/.rvm/bin
10 verbose lifecycle autenticacaoService@~start: CWD: /home/renatorp/Documents/dev/projetos/livraria-virtual-microservices/autenticacaoService
11 silly lifecycle autenticacaoService@~start: Args: [ '-c', 'node server.js' ]
12 silly lifecycle autenticacaoService@~start: Returned: code: 1  signal: null
13 info lifecycle autenticacaoService@~start: Failed to exec start script
14 verbose stack Error: autenticacaoService@ start: `node server.js`
14 verbose stack Exit status 1
14 verbose stack     at EventEmitter.<anonymous> (/usr/local/lib/node_modules/npm/lib/utils/lifecycle.js:233:16)
14 verbose stack     at emitTwo (events.js:87:13)
14 verbose stack     at EventEmitter.emit (events.js:172:7)
14 verbose stack     at ChildProcess.<anonymous> (/usr/local/lib/node_modules/npm/lib/utils/spawn.js:24:14)
14 verbose stack     at emitTwo (events.js:87:13)
14 verbose stack     at ChildProcess.emit (events.js:172:7)
14 verbose stack     at maybeClose (internal/child_process.js:818:16)
14 verbose stack     at Process.ChildProcess._handle.onexit (internal/child_process.js:211:5)
15 verbose pkgid autenticacaoService@
16 verbose cwd /home/renatorp/Documents/dev/projetos/livraria-virtual-microservices/autenticacaoService/server
17 error Linux 3.19.0-68-generic
18 error argv "/usr/local/bin/node" "/usr/local/bin/npm" "start"
19 error node v5.0.0
20 error npm  v3.3.6
21 error code ELIFECYCLE
22 error autenticacaoService@ start: `node server.js`
22 error Exit status 1
23 error Failed at the autenticacaoService@ start script 'node server.js'.
23 error This is most likely a problem with the autenticacaoService package,
23 error not with npm itself.
23 error Tell the author that this fails on your system:
23 error     node server.js
23 error You can get their info via:
23 error     npm owner ls autenticacaoService
23 error There is likely additional logging output above.
24 verbose exit [ 1, true ]
